Time resolution is 1 ps
WARNING: This core is supplied with a behavioral model. To model cycle-accurate behavior you must run timing simulation.
WARNING: This core is supplied with a behavioral model. To model cycle-accurate behavior you must run timing simulation.
WARNING in tb_miniRV_SoC.u_miniRV_SoC.Mem_DRAM.inst at time              5395000 ns: 
Reading from out-of-range address. Max address in tb_miniRV_SoC.u_miniRV_SoC.Mem_DRAM.inst is       16383
WARNING in tb_miniRV_SoC.u_miniRV_SoC.Mem_DRAM.inst at time              5715000 ns: 
Reading from out-of-range address. Max address in tb_miniRV_SoC.u_miniRV_SoC.Mem_DRAM.inst is       16383
WARNING in tb_miniRV_SoC.u_miniRV_SoC.Mem_DRAM.inst at time              6035000 ns: 
Reading from out-of-range address. Max address in tb_miniRV_SoC.u_miniRV_SoC.Mem_DRAM.inst is       16383
WARNING in tb_miniRV_SoC.u_miniRV_SoC.Mem_DRAM.inst at time              6355000 ns: 
Reading from out-of-range address. Max address in tb_miniRV_SoC.u_miniRV_SoC.Mem_DRAM.inst is       16383
WARNING in tb_miniRV_SoC.u_miniRV_SoC.Mem_DRAM.inst at time              6675000 ns: 
Reading from out-of-range address. Max address in tb_miniRV_SoC.u_miniRV_SoC.Mem_DRAM.inst is       16383
WARNING in tb_miniRV_SoC.u_miniRV_SoC.Mem_DRAM.inst at time              6995000 ns: 
Reading from out-of-range address. Max address in tb_miniRV_SoC.u_miniRV_SoC.Mem_DRAM.inst is       16383
WARNING in tb_miniRV_SoC.u_miniRV_SoC.Mem_DRAM.inst at time              7315000 ns: 
Reading from out-of-range address. Max address in tb_miniRV_SoC.u_miniRV_SoC.Mem_DRAM.inst is       16383
WARNING in tb_miniRV_SoC.u_miniRV_SoC.Mem_DRAM.inst at time              7635000 ns: 
Reading from out-of-range address. Max address in tb_miniRV_SoC.u_miniRV_SoC.Mem_DRAM.inst is       16383
WARNING in tb_miniRV_SoC.u_miniRV_SoC.Mem_DRAM.inst at time              7955000 ns: 
Reading from out-of-range address. Max address in tb_miniRV_SoC.u_miniRV_SoC.Mem_DRAM.inst is       16383
WARNING in tb_miniRV_SoC.u_miniRV_SoC.Mem_DRAM.inst at time              8275000 ns: 
Reading from out-of-range address. Max address in tb_miniRV_SoC.u_miniRV_SoC.Mem_DRAM.inst is       16383
WARNING in tb_miniRV_SoC.u_miniRV_SoC.Mem_DRAM.inst at time              8595000 ns: 
Reading from out-of-range address. Max address in tb_miniRV_SoC.u_miniRV_SoC.Mem_DRAM.inst is       16383
WARNING in tb_miniRV_SoC.u_miniRV_SoC.Mem_DRAM.inst at time              8915000 ns: 
Reading from out-of-range address. Max address in tb_miniRV_SoC.u_miniRV_SoC.Mem_DRAM.inst is       16383
WARNING in tb_miniRV_SoC.u_miniRV_SoC.Mem_DRAM.inst at time              9235000 ns: 
Reading from out-of-range address. Max address in tb_miniRV_SoC.u_miniRV_SoC.Mem_DRAM.inst is       16383
WARNING in tb_miniRV_SoC.u_miniRV_SoC.Mem_DRAM.inst at time              9555000 ns: 
Reading from out-of-range address. Max address in tb_miniRV_SoC.u_miniRV_SoC.Mem_DRAM.inst is       16383
WARNING in tb_miniRV_SoC.u_miniRV_SoC.Mem_DRAM.inst at time              9875000 ns: 
Reading from out-of-range address. Max address in tb_miniRV_SoC.u_miniRV_SoC.Mem_DRAM.inst is       16383
WARNING in tb_miniRV_SoC.u_miniRV_SoC.Mem_DRAM.inst at time             10195000 ns: 
Reading from out-of-range address. Max address in tb_miniRV_SoC.u_miniRV_SoC.Mem_DRAM.inst is       16383
WARNING in tb_miniRV_SoC.u_miniRV_SoC.Mem_DRAM.inst at time             10515000 ns: 
Reading from out-of-range address. Max address in tb_miniRV_SoC.u_miniRV_SoC.Mem_DRAM.inst is       16383
WARNING in tb_miniRV_SoC.u_miniRV_SoC.Mem_DRAM.inst at time             10835000 ns: 
Reading from out-of-range address. Max address in tb_miniRV_SoC.u_miniRV_SoC.Mem_DRAM.inst is       16383
WARNING in tb_miniRV_SoC.u_miniRV_SoC.Mem_DRAM.inst at time             11155000 ns: 
Reading from out-of-range address. Max address in tb_miniRV_SoC.u_miniRV_SoC.Mem_DRAM.inst is       16383
WARNING in tb_miniRV_SoC.u_miniRV_SoC.Mem_DRAM.inst at time             11475000 ns: 
Reading from out-of-range address. Max address in tb_miniRV_SoC.u_miniRV_SoC.Mem_DRAM.inst is       16383
WARNING in tb_miniRV_SoC.u_miniRV_SoC.Mem_DRAM.inst at time             11795000 ns: 
Reading from out-of-range address. Max address in tb_miniRV_SoC.u_miniRV_SoC.Mem_DRAM.inst is       16383
WARNING in tb_miniRV_SoC.u_miniRV_SoC.Mem_DRAM.inst at time             12115000 ns: 
Reading from out-of-range address. Max address in tb_miniRV_SoC.u_miniRV_SoC.Mem_DRAM.inst is       16383
WARNING in tb_miniRV_SoC.u_miniRV_SoC.Mem_DRAM.inst at time             12435000 ns: 
Reading from out-of-range address. Max address in tb_miniRV_SoC.u_miniRV_SoC.Mem_DRAM.inst is       16383
WARNING in tb_miniRV_SoC.u_miniRV_SoC.Mem_DRAM.inst at time             12755000 ns: 
Reading from out-of-range address. Max address in tb_miniRV_SoC.u_miniRV_SoC.Mem_DRAM.inst is       16383
WARNING in tb_miniRV_SoC.u_miniRV_SoC.Mem_DRAM.inst at time             13075000 ns: 
Reading from out-of-range address. Max address in tb_miniRV_SoC.u_miniRV_SoC.Mem_DRAM.inst is       16383
WARNING in tb_miniRV_SoC.u_miniRV_SoC.Mem_DRAM.inst at time             13395000 ns: 
Reading from out-of-range address. Max address in tb_miniRV_SoC.u_miniRV_SoC.Mem_DRAM.inst is       16383
WARNING in tb_miniRV_SoC.u_miniRV_SoC.Mem_DRAM.inst at time             13715000 ns: 
Reading from out-of-range address. Max address in tb_miniRV_SoC.u_miniRV_SoC.Mem_DRAM.inst is       16383
WARNING in tb_miniRV_SoC.u_miniRV_SoC.Mem_DRAM.inst at time             14035000 ns: 
Reading from out-of-range address. Max address in tb_miniRV_SoC.u_miniRV_SoC.Mem_DRAM.inst is       16383
WARNING in tb_miniRV_SoC.u_miniRV_SoC.Mem_DRAM.inst at time             14355000 ns: 
Reading from out-of-range address. Max address in tb_miniRV_SoC.u_miniRV_SoC.Mem_DRAM.inst is       16383
WARNING in tb_miniRV_SoC.u_miniRV_SoC.Mem_DRAM.inst at time             14675000 ns: 
Reading from out-of-range address. Max address in tb_miniRV_SoC.u_miniRV_SoC.Mem_DRAM.inst is       16383
WARNING in tb_miniRV_SoC.u_miniRV_SoC.Mem_DRAM.inst at time             14995000 ns: 
Reading from out-of-range address. Max address in tb_miniRV_SoC.u_miniRV_SoC.Mem_DRAM.inst is       16383
WARNING in tb_miniRV_SoC.u_miniRV_SoC.Mem_DRAM.inst at time             15315000 ns: 
Reading from out-of-range address. Max address in tb_miniRV_SoC.u_miniRV_SoC.Mem_DRAM.inst is       16383
WARNING in tb_miniRV_SoC.u_miniRV_SoC.Mem_DRAM.inst at time             15635000 ns: 
Reading from out-of-range address. Max address in tb_miniRV_SoC.u_miniRV_SoC.Mem_DRAM.inst is       16383
WARNING in tb_miniRV_SoC.u_miniRV_SoC.Mem_DRAM.inst at time             15955000 ns: 
Reading from out-of-range address. Max address in tb_miniRV_SoC.u_miniRV_SoC.Mem_DRAM.inst is       16383
WARNING in tb_miniRV_SoC.u_miniRV_SoC.Mem_DRAM.inst at time             16275000 ns: 
Reading from out-of-range address. Max address in tb_miniRV_SoC.u_miniRV_SoC.Mem_DRAM.inst is       16383
WARNING in tb_miniRV_SoC.u_miniRV_SoC.Mem_DRAM.inst at time             16595000 ns: 
Reading from out-of-range address. Max address in tb_miniRV_SoC.u_miniRV_SoC.Mem_DRAM.inst is       16383
WARNING in tb_miniRV_SoC.u_miniRV_SoC.Mem_DRAM.inst at time             16915000 ns: 
Reading from out-of-range address. Max address in tb_miniRV_SoC.u_miniRV_SoC.Mem_DRAM.inst is       16383
WARNING in tb_miniRV_SoC.u_miniRV_SoC.Mem_DRAM.inst at time             17235000 ns: 
Reading from out-of-range address. Max address in tb_miniRV_SoC.u_miniRV_SoC.Mem_DRAM.inst is       16383
WARNING in tb_miniRV_SoC.u_miniRV_SoC.Mem_DRAM.inst at time             17555000 ns: 
Reading from out-of-range address. Max address in tb_miniRV_SoC.u_miniRV_SoC.Mem_DRAM.inst is       16383
WARNING in tb_miniRV_SoC.u_miniRV_SoC.Mem_DRAM.inst at time             17875000 ns: 
Reading from out-of-range address. Max address in tb_miniRV_SoC.u_miniRV_SoC.Mem_DRAM.inst is       16383
WARNING in tb_miniRV_SoC.u_miniRV_SoC.Mem_DRAM.inst at time             18195000 ns: 
Reading from out-of-range address. Max address in tb_miniRV_SoC.u_miniRV_SoC.Mem_DRAM.inst is       16383
WARNING in tb_miniRV_SoC.u_miniRV_SoC.Mem_DRAM.inst at time             18515000 ns: 
Reading from out-of-range address. Max address in tb_miniRV_SoC.u_miniRV_SoC.Mem_DRAM.inst is       16383
WARNING in tb_miniRV_SoC.u_miniRV_SoC.Mem_DRAM.inst at time             18835000 ns: 
Reading from out-of-range address. Max address in tb_miniRV_SoC.u_miniRV_SoC.Mem_DRAM.inst is       16383
WARNING in tb_miniRV_SoC.u_miniRV_SoC.Mem_DRAM.inst at time             19155000 ns: 
Reading from out-of-range address. Max address in tb_miniRV_SoC.u_miniRV_SoC.Mem_DRAM.inst is       16383
WARNING in tb_miniRV_SoC.u_miniRV_SoC.Mem_DRAM.inst at time             19475000 ns: 
Reading from out-of-range address. Max address in tb_miniRV_SoC.u_miniRV_SoC.Mem_DRAM.inst is       16383
WARNING in tb_miniRV_SoC.u_miniRV_SoC.Mem_DRAM.inst at time             19795000 ns: 
Reading from out-of-range address. Max address in tb_miniRV_SoC.u_miniRV_SoC.Mem_DRAM.inst is       16383
WARNING in tb_miniRV_SoC.u_miniRV_SoC.Mem_DRAM.inst at time             20115000 ns: 
Reading from out-of-range address. Max address in tb_miniRV_SoC.u_miniRV_SoC.Mem_DRAM.inst is       16383
WARNING in tb_miniRV_SoC.u_miniRV_SoC.Mem_DRAM.inst at time             20435000 ns: 
Reading from out-of-range address. Max address in tb_miniRV_SoC.u_miniRV_SoC.Mem_DRAM.inst is       16383
WARNING in tb_miniRV_SoC.u_miniRV_SoC.Mem_DRAM.inst at time             20755000 ns: 
Reading from out-of-range address. Max address in tb_miniRV_SoC.u_miniRV_SoC.Mem_DRAM.inst is       16383
WARNING in tb_miniRV_SoC.u_miniRV_SoC.Mem_DRAM.inst at time             21075000 ns: 
Reading from out-of-range address. Max address in tb_miniRV_SoC.u_miniRV_SoC.Mem_DRAM.inst is       16383
WARNING in tb_miniRV_SoC.u_miniRV_SoC.Mem_DRAM.inst at time             21395000 ns: 
Reading from out-of-range address. Max address in tb_miniRV_SoC.u_miniRV_SoC.Mem_DRAM.inst is       16383
WARNING in tb_miniRV_SoC.u_miniRV_SoC.Mem_DRAM.inst at time             21715000 ns: 
Reading from out-of-range address. Max address in tb_miniRV_SoC.u_miniRV_SoC.Mem_DRAM.inst is       16383
WARNING in tb_miniRV_SoC.u_miniRV_SoC.Mem_DRAM.inst at time             22035000 ns: 
Reading from out-of-range address. Max address in tb_miniRV_SoC.u_miniRV_SoC.Mem_DRAM.inst is       16383
WARNING in tb_miniRV_SoC.u_miniRV_SoC.Mem_DRAM.inst at time             22355000 ns: 
Reading from out-of-range address. Max address in tb_miniRV_SoC.u_miniRV_SoC.Mem_DRAM.inst is       16383
WARNING in tb_miniRV_SoC.u_miniRV_SoC.Mem_DRAM.inst at time             22675000 ns: 
Reading from out-of-range address. Max address in tb_miniRV_SoC.u_miniRV_SoC.Mem_DRAM.inst is       16383
WARNING in tb_miniRV_SoC.u_miniRV_SoC.Mem_DRAM.inst at time             22995000 ns: 
Reading from out-of-range address. Max address in tb_miniRV_SoC.u_miniRV_SoC.Mem_DRAM.inst is       16383
WARNING in tb_miniRV_SoC.u_miniRV_SoC.Mem_DRAM.inst at time             23315000 ns: 
Reading from out-of-range address. Max address in tb_miniRV_SoC.u_miniRV_SoC.Mem_DRAM.inst is       16383
WARNING in tb_miniRV_SoC.u_miniRV_SoC.Mem_DRAM.inst at time             23635000 ns: 
Reading from out-of-range address. Max address in tb_miniRV_SoC.u_miniRV_SoC.Mem_DRAM.inst is       16383
WARNING in tb_miniRV_SoC.u_miniRV_SoC.Mem_DRAM.inst at time             23955000 ns: 
Reading from out-of-range address. Max address in tb_miniRV_SoC.u_miniRV_SoC.Mem_DRAM.inst is       16383
WARNING in tb_miniRV_SoC.u_miniRV_SoC.Mem_DRAM.inst at time             24275000 ns: 
Reading from out-of-range address. Max address in tb_miniRV_SoC.u_miniRV_SoC.Mem_DRAM.inst is       16383
WARNING in tb_miniRV_SoC.u_miniRV_SoC.Mem_DRAM.inst at time             24595000 ns: 
Reading from out-of-range address. Max address in tb_miniRV_SoC.u_miniRV_SoC.Mem_DRAM.inst is       16383
WARNING in tb_miniRV_SoC.u_miniRV_SoC.Mem_DRAM.inst at time             24915000 ns: 
Reading from out-of-range address. Max address in tb_miniRV_SoC.u_miniRV_SoC.Mem_DRAM.inst is       16383
WARNING in tb_miniRV_SoC.u_miniRV_SoC.Mem_DRAM.inst at time             25235000 ns: 
Reading from out-of-range address. Max address in tb_miniRV_SoC.u_miniRV_SoC.Mem_DRAM.inst is       16383
WARNING in tb_miniRV_SoC.u_miniRV_SoC.Mem_DRAM.inst at time             25555000 ns: 
Reading from out-of-range address. Max address in tb_miniRV_SoC.u_miniRV_SoC.Mem_DRAM.inst is       16383
WARNING in tb_miniRV_SoC.u_miniRV_SoC.Mem_DRAM.inst at time             25875000 ns: 
Reading from out-of-range address. Max address in tb_miniRV_SoC.u_miniRV_SoC.Mem_DRAM.inst is       16383
WARNING in tb_miniRV_SoC.u_miniRV_SoC.Mem_DRAM.inst at time             26195000 ns: 
Reading from out-of-range address. Max address in tb_miniRV_SoC.u_miniRV_SoC.Mem_DRAM.inst is       16383
WARNING in tb_miniRV_SoC.u_miniRV_SoC.Mem_DRAM.inst at time             26515000 ns: 
Reading from out-of-range address. Max address in tb_miniRV_SoC.u_miniRV_SoC.Mem_DRAM.inst is       16383
WARNING in tb_miniRV_SoC.u_miniRV_SoC.Mem_DRAM.inst at time             26835000 ns: 
Reading from out-of-range address. Max address in tb_miniRV_SoC.u_miniRV_SoC.Mem_DRAM.inst is       16383
WARNING in tb_miniRV_SoC.u_miniRV_SoC.Mem_DRAM.inst at time             27155000 ns: 
Reading from out-of-range address. Max address in tb_miniRV_SoC.u_miniRV_SoC.Mem_DRAM.inst is       16383
WARNING in tb_miniRV_SoC.u_miniRV_SoC.Mem_DRAM.inst at time             27475000 ns: 
Reading from out-of-range address. Max address in tb_miniRV_SoC.u_miniRV_SoC.Mem_DRAM.inst is       16383
WARNING in tb_miniRV_SoC.u_miniRV_SoC.Mem_DRAM.inst at time             27795000 ns: 
Reading from out-of-range address. Max address in tb_miniRV_SoC.u_miniRV_SoC.Mem_DRAM.inst is       16383
WARNING in tb_miniRV_SoC.u_miniRV_SoC.Mem_DRAM.inst at time             28115000 ns: 
Reading from out-of-range address. Max address in tb_miniRV_SoC.u_miniRV_SoC.Mem_DRAM.inst is       16383
WARNING in tb_miniRV_SoC.u_miniRV_SoC.Mem_DRAM.inst at time             28435000 ns: 
Reading from out-of-range address. Max address in tb_miniRV_SoC.u_miniRV_SoC.Mem_DRAM.inst is       16383
WARNING in tb_miniRV_SoC.u_miniRV_SoC.Mem_DRAM.inst at time             28755000 ns: 
Reading from out-of-range address. Max address in tb_miniRV_SoC.u_miniRV_SoC.Mem_DRAM.inst is       16383
WARNING in tb_miniRV_SoC.u_miniRV_SoC.Mem_DRAM.inst at time             29075000 ns: 
Reading from out-of-range address. Max address in tb_miniRV_SoC.u_miniRV_SoC.Mem_DRAM.inst is       16383
WARNING in tb_miniRV_SoC.u_miniRV_SoC.Mem_DRAM.inst at time             29395000 ns: 
Reading from out-of-range address. Max address in tb_miniRV_SoC.u_miniRV_SoC.Mem_DRAM.inst is       16383
WARNING in tb_miniRV_SoC.u_miniRV_SoC.Mem_DRAM.inst at time             29715000 ns: 
Reading from out-of-range address. Max address in tb_miniRV_SoC.u_miniRV_SoC.Mem_DRAM.inst is       16383
WARNING in tb_miniRV_SoC.u_miniRV_SoC.Mem_DRAM.inst at time             30035000 ns: 
Reading from out-of-range address. Max address in tb_miniRV_SoC.u_miniRV_SoC.Mem_DRAM.inst is       16383
$finish called at time : 30045 ns : File "D:/School/cpu/proj_miniRV/proj_single_cycle/proj_single_cycle.srcs/sources_1/new/tb_miniRV_SoC.v" Line 75
