#-----------------------------------------------------------
# Vivado v2022.2 (64-bit)
# SW Build 3671981 on Fri Oct 14 05:00:03 MDT 2022
# IP Build 3669848 on Fri Oct 14 08:30:02 MDT 2022
# Start of session at: Mon Jul  3 13:56:44 2023
# Process ID: 13552
# Current directory: D:/School/cpu/proj_miniRV/proj_single_cycle
# Command line: vivado.exe -gui_launcher_event rodinguilauncherevent6744 D:\School\cpu\proj_miniRV\proj_single_cycle\proj_single_cycle.xpr
# Log file: D:/School/cpu/proj_miniRV/proj_single_cycle/vivado.log
# Journal file: D:/School/cpu/proj_miniRV/proj_single_cycle\vivado.jou
# Running On: HHR, OS: Windows, CPU Frequency: 3418 MHz, CPU Physical cores: 16, Host memory: 68476 MB
#-----------------------------------------------------------
start_gui
WARNING: [Board 49-26] cannot add Board Part xilinx.com:vek280_es:part0:1.0 available at C:/Xilinx/Vivado/2022.2/data/xhub/boards/XilinxBoardStore/boards/Xilinx/vek280/es/1.0/board.xml as part xcve2802-vsvh1760-2lp-e-s-es1 specified in board_part file is either invalid or not available
WARNING: [Board 49-26] cannot add Board Part xilinx.com:vhk158_es:part0:1.0 available at C:/Xilinx/Vivado/2022.2/data/xhub/boards/XilinxBoardStore/boards/Xilinx/vhk158/es/1.0/board.xml as part xcvh1582-vsva3697-2mp-e-s-es1 specified in board_part file is either invalid or not available
WARNING: [Board 49-26] cannot add Board Part xilinx.com:vpk120_es:part0:1.2 available at C:/Xilinx/Vivado/2022.2/data/xhub/boards/XilinxBoardStore/boards/Xilinx/vpk120/es/1.2/board.xml as part xcvp1202-vsva2785-2mp-e-s-es1 specified in board_part file is either invalid or not available
WARNING: [Board 49-26] cannot add Board Part xilinx.com:vpk120_es_revb:part0:1.0 available at C:/Xilinx/Vivado/2022.2/data/xhub/boards/XilinxBoardStore/boards/Xilinx/vpk120_revb/es/1.0/board.xml as part xcvp1202-vsva2785-2mp-e-s-es1 specified in board_part file is either invalid or not available
WARNING: [Board 49-26] cannot add Board Part xilinx.com:vpk180_es:part0:1.0 available at C:/Xilinx/Vivado/2022.2/data/xhub/boards/XilinxBoardStore/boards/Xilinx/vpk180/es/1.0/board.xml as part xcvp1802-lsvc4072-2mp-e-s-es1 specified in board_part file is either invalid or not available
WARNING: [Board 49-26] cannot add Board Part xilinx.com:zcu208ld:part0:2.0 available at C:/Xilinx/Vivado/2022.2/data/xhub/boards/XilinxBoardStore/boards/Xilinx/zcu208ld/production/2.0/board.xml as part xczu58dr-fsvg1517-2-i specified in board_part file is either invalid or not available
WARNING: [Board 49-26] cannot add Board Part xilinx.com:zcu216ld:part0:2.0 available at C:/Xilinx/Vivado/2022.2/data/xhub/boards/XilinxBoardStore/boards/Xilinx/zcu216ld/production/2.0/board.xml as part xczu59dr-ffvf1760-2-i specified in board_part file is either invalid or not available
WARNING: [Board 49-26] cannot add Board Part xilinx.com:zcu670:part0:2.0 available at C:/Xilinx/Vivado/2022.2/data/xhub/boards/XilinxBoardStore/boards/Xilinx/zcu670/2.0/board.xml as part xczu67dr-fsve1156-2-i specified in board_part file is either invalid or not available
WARNING: [Board 49-26] cannot add Board Part xilinx.com:zcu670ld:part0:1.0 available at C:/Xilinx/Vivado/2022.2/data/xhub/boards/XilinxBoardStore/boards/Xilinx/zcu670ld/1.0/board.xml as part xczu57dr-fsve1156-2-i specified in board_part file is either invalid or not available
open_project D:/School/cpu/proj_miniRV/proj_single_cycle/proj_single_cycle.xpr
INFO: [Project 1-313] Project file moved from 'D:/new/proj_single_cycle' since last save.
WARNING: [filemgmt 56-3] IPUserFilesDir: Could not find the directory 'D:/School/cpu/proj_miniRV/proj_single_cycle/proj_single_cycle.ip_user_files'.
Scanning sources...
Finished scanning sources
INFO: [Project 1-230] Project 'proj_single_cycle.xpr' upgraded for this version of Vivado.
INFO: [IP_Flow 19-234] Refreshing IP repositories
INFO: [IP_Flow 19-1704] No user IP repositories specified
INFO: [IP_Flow 19-2313] Loaded Vivado IP repository 'C:/Xilinx/Vivado/2022.2/data/ip'.
upgrade_project -migrate_output_products
update_compile_order -fileset sources_1
create_ip -name clk_wiz -vendor xilinx.com -library ip -version 6.0 -module_name cpuclk
set_property -dict [list \
  CONFIG.CLKOUT1_DRIVES {BUFG} \
  CONFIG.CLKOUT1_JITTER {352.369} \
  CONFIG.CLKOUT1_PHASE_ERROR {261.747} \
  CONFIG.CLKOUT1_REQUESTED_OUT_FREQ {25} \
  CONFIG.CLKOUT2_DRIVES {BUFG} \
  CONFIG.CLKOUT3_DRIVES {BUFG} \
  CONFIG.CLKOUT4_DRIVES {BUFG} \
  CONFIG.CLKOUT5_DRIVES {BUFG} \
  CONFIG.CLKOUT6_DRIVES {BUFG} \
  CONFIG.CLKOUT7_DRIVES {BUFG} \
  CONFIG.Component_Name {cpuclk} \
  CONFIG.MMCM_BANDWIDTH {OPTIMIZED} \
  CONFIG.MMCM_CLKFBOUT_MULT_F {33} \
  CONFIG.MMCM_CLKOUT0_DIVIDE_F {33} \
  CONFIG.MMCM_COMPENSATION {ZHOLD} \
  CONFIG.MMCM_DIVCLK_DIVIDE {4} \
  CONFIG.PRIMITIVE {PLL} \
  CONFIG.USE_RESET {false} \
] [get_ips cpuclk]
WARNING: [Vivado 12-3523] Attempt to change 'Component_Name' from 'cpuclk' to 'cpuclk' is not allowed and is ignored.
generate_target {instantiation_template} [get_files d:/School/cpu/proj_miniRV/proj_single_cycle/proj_single_cycle.srcs/sources_1/ip/cpuclk/cpuclk.xci]
INFO: [IP_Flow 19-1686] Generating 'Instantiation Template' target for IP 'cpuclk'...
update_compile_order -fileset sources_1
generate_target all [get_files  d:/School/cpu/proj_miniRV/proj_single_cycle/proj_single_cycle.srcs/sources_1/ip/cpuclk/cpuclk.xci]
INFO: [IP_Flow 19-1686] Generating 'Synthesis' target for IP 'cpuclk'...
INFO: [IP_Flow 19-1686] Generating 'Simulation' target for IP 'cpuclk'...
INFO: [IP_Flow 19-1686] Generating 'Implementation' target for IP 'cpuclk'...
INFO: [IP_Flow 19-1686] Generating 'Change Log' target for IP 'cpuclk'...
catch { config_ip_cache -export [get_ips -all cpuclk] }
INFO: [IP_Flow 19-6924] IPCACHE: Running cache check for IP inst: cpuclk
export_ip_user_files -of_objects [get_files d:/School/cpu/proj_miniRV/proj_single_cycle/proj_single_cycle.srcs/sources_1/ip/cpuclk/cpuclk.xci] -no_script -sync -force -quiet
create_ip_run [get_files -of_objects [get_fileset sources_1] d:/School/cpu/proj_miniRV/proj_single_cycle/proj_single_cycle.srcs/sources_1/ip/cpuclk/cpuclk.xci]
launch_runs cpuclk_synth_1 -jobs 24
INFO: [IP_Flow 19-6924] IPCACHE: Running cache check for IP inst: cpuclk
[Mon Jul  3 13:59:43 2023] Launched cpuclk_synth_1...
Run output will be captured here: D:/School/cpu/proj_miniRV/proj_single_cycle/proj_single_cycle.runs/cpuclk_synth_1/runme.log
export_simulation -of_objects [get_files d:/School/cpu/proj_miniRV/proj_single_cycle/proj_single_cycle.srcs/sources_1/ip/cpuclk/cpuclk.xci] -directory D:/School/cpu/proj_miniRV/proj_single_cycle/proj_single_cycle.ip_user_files/sim_scripts -ip_user_files_dir D:/School/cpu/proj_miniRV/proj_single_cycle/proj_single_cycle.ip_user_files -ipstatic_source_dir D:/School/cpu/proj_miniRV/proj_single_cycle/proj_single_cycle.ip_user_files/ipstatic -lib_map_path [list {modelsim=D:/School/cpu/proj_miniRV/proj_single_cycle/proj_single_cycle.cache/compile_simlib/modelsim} {questa=D:/School/cpu/proj_miniRV/proj_single_cycle/proj_single_cycle.cache/compile_simlib/questa} {riviera=D:/School/cpu/proj_miniRV/proj_single_cycle/proj_single_cycle.cache/compile_simlib/riviera} {activehdl=D:/School/cpu/proj_miniRV/proj_single_cycle/proj_single_cycle.cache/compile_simlib/activehdl}] -use_ip_compiled_libs -force -quiet
add_files -norecurse D:/School/cpu/proj_miniRV/proj_single_cycle/proj_single_cycle.srcs/sources_1/new/cpuclk_sim.v
update_compile_order -fileset sources_1
set_property top cpuclk_sim [current_fileset]
update_compile_order -fileset sources_1
add_files -norecurse {D:/School/cpu/proj_miniRV/proj_single_cycle/proj_single_cycle.srcs/sources_1/new/EX.v D:/School/cpu/proj_miniRV/proj_single_cycle/proj_single_cycle.srcs/sources_1/new/myCPU.v D:/School/cpu/proj_miniRV/proj_single_cycle/proj_single_cycle.srcs/sources_1/new/ID.v D:/School/cpu/proj_miniRV/proj_single_cycle/proj_single_cycle.srcs/sources_1/new/controller.v D:/School/cpu/proj_miniRV/proj_single_cycle/proj_single_cycle.srcs/sources_1/new/IF.v}
WARNING: [filemgmt 56-12] File 'D:/School/cpu/proj_miniRV/proj_single_cycle/proj_single_cycle.srcs/sources_1/new/myCPU.v' cannot be added to the project because it already exists in the project, skipping this file
update_compile_order -fileset sources_1
create_ip -name dist_mem_gen -vendor xilinx.com -library ip -version 8.0 -module_name IROM
set_property -dict [list \
  CONFIG.Component_Name {IROM} \
  CONFIG.data_width {32} \
  CONFIG.depth {16384} \
  CONFIG.memory_type {rom} \
] [get_ips IROM]
WARNING: [Vivado 12-3523] Attempt to change 'Component_Name' from 'IROM' to 'IROM' is not allowed and is ignored.
generate_target {instantiation_template} [get_files d:/School/cpu/proj_miniRV/proj_single_cycle/proj_single_cycle.srcs/sources_1/ip/IROM/IROM.xci]
INFO: [IP_Flow 19-1686] Generating 'Instantiation Template' target for IP 'IROM'...
update_compile_order -fileset sources_1
generate_target all [get_files  d:/School/cpu/proj_miniRV/proj_single_cycle/proj_single_cycle.srcs/sources_1/ip/IROM/IROM.xci]
INFO: [IP_Flow 19-1686] Generating 'Synthesis' target for IP 'IROM'...
INFO: [IP_Flow 19-1686] Generating 'Simulation' target for IP 'IROM'...
INFO: [IP_Flow 19-1686] Generating 'Change Log' target for IP 'IROM'...
catch { config_ip_cache -export [get_ips -all IROM] }
INFO: [IP_Flow 19-6924] IPCACHE: Running cache check for IP inst: IROM
export_ip_user_files -of_objects [get_files d:/School/cpu/proj_miniRV/proj_single_cycle/proj_single_cycle.srcs/sources_1/ip/IROM/IROM.xci] -no_script -sync -force -quiet
create_ip_run [get_files -of_objects [get_fileset sources_1] d:/School/cpu/proj_miniRV/proj_single_cycle/proj_single_cycle.srcs/sources_1/ip/IROM/IROM.xci]
launch_runs IROM_synth_1 -jobs 24
INFO: [IP_Flow 19-6924] IPCACHE: Running cache check for IP inst: IROM
[Mon Jul  3 14:24:02 2023] Launched IROM_synth_1...
Run output will be captured here: D:/School/cpu/proj_miniRV/proj_single_cycle/proj_single_cycle.runs/IROM_synth_1/runme.log
export_simulation -of_objects [get_files d:/School/cpu/proj_miniRV/proj_single_cycle/proj_single_cycle.srcs/sources_1/ip/IROM/IROM.xci] -directory D:/School/cpu/proj_miniRV/proj_single_cycle/proj_single_cycle.ip_user_files/sim_scripts -ip_user_files_dir D:/School/cpu/proj_miniRV/proj_single_cycle/proj_single_cycle.ip_user_files -ipstatic_source_dir D:/School/cpu/proj_miniRV/proj_single_cycle/proj_single_cycle.ip_user_files/ipstatic -lib_map_path [list {modelsim=D:/School/cpu/proj_miniRV/proj_single_cycle/proj_single_cycle.cache/compile_simlib/modelsim} {questa=D:/School/cpu/proj_miniRV/proj_single_cycle/proj_single_cycle.cache/compile_simlib/questa} {riviera=D:/School/cpu/proj_miniRV/proj_single_cycle/proj_single_cycle.cache/compile_simlib/riviera} {activehdl=D:/School/cpu/proj_miniRV/proj_single_cycle/proj_single_cycle.cache/compile_simlib/activehdl}] -use_ip_compiled_libs -force -quiet
set_property CONFIG.coefficient_file {d:/School/cpu/proj_miniRV/proj_single_cycle/proj_single_cycle.srcs/sources_1/ip/IROM/testMachineCode.coe} [get_ips IROM]
INFO: [IP_Flow 19-3484] Absolute path of file 'd:/School/cpu/proj_miniRV/proj_single_cycle/proj_single_cycle.srcs/sources_1/ip/IROM/testMachineCode.coe' provided. It will be converted relative to IP Instance files 'testMachineCode.coe'
generate_target all [get_files  d:/School/cpu/proj_miniRV/proj_single_cycle/proj_single_cycle.srcs/sources_1/ip/IROM/IROM.xci]
INFO: [IP_Flow 19-1686] Generating 'Instantiation Template' target for IP 'IROM'...
INFO: [IP_Flow 19-1686] Generating 'Synthesis' target for IP 'IROM'...
INFO: [IP_Flow 19-1686] Generating 'Simulation' target for IP 'IROM'...
INFO: [IP_Flow 19-1686] Generating 'Change Log' target for IP 'IROM'...
catch { config_ip_cache -export [get_ips -all IROM] }
INFO: [IP_Flow 19-6924] IPCACHE: Running cache check for IP inst: IROM
export_ip_user_files -of_objects [get_files d:/School/cpu/proj_miniRV/proj_single_cycle/proj_single_cycle.srcs/sources_1/ip/IROM/IROM.xci] -no_script -sync -force -quiet
reset_run IROM_synth_1
launch_runs IROM_synth_1 -jobs 24
INFO: [IP_Flow 19-6924] IPCACHE: Running cache check for IP inst: IROM
[Mon Jul  3 14:35:12 2023] Launched IROM_synth_1...
Run output will be captured here: D:/School/cpu/proj_miniRV/proj_single_cycle/proj_single_cycle.runs/IROM_synth_1/runme.log
export_simulation -of_objects [get_files d:/School/cpu/proj_miniRV/proj_single_cycle/proj_single_cycle.srcs/sources_1/ip/IROM/IROM.xci] -directory D:/School/cpu/proj_miniRV/proj_single_cycle/proj_single_cycle.ip_user_files/sim_scripts -ip_user_files_dir D:/School/cpu/proj_miniRV/proj_single_cycle/proj_single_cycle.ip_user_files -ipstatic_source_dir D:/School/cpu/proj_miniRV/proj_single_cycle/proj_single_cycle.ip_user_files/ipstatic -lib_map_path [list {modelsim=D:/School/cpu/proj_miniRV/proj_single_cycle/proj_single_cycle.cache/compile_simlib/modelsim} {questa=D:/School/cpu/proj_miniRV/proj_single_cycle/proj_single_cycle.cache/compile_simlib/questa} {riviera=D:/School/cpu/proj_miniRV/proj_single_cycle/proj_single_cycle.cache/compile_simlib/riviera} {activehdl=D:/School/cpu/proj_miniRV/proj_single_cycle/proj_single_cycle.cache/compile_simlib/activehdl}] -use_ip_compiled_libs -force -quiet
create_ip -name dist_mem_gen -vendor xilinx.com -library ip -version 8.0 -module_name dist_mem_gen_0
set_property -dict [list \
  CONFIG.data_width {32} \
  CONFIG.depth {16384} \
  CONFIG.memory_type {single_port_ram} \
] [get_ips dist_mem_gen_0]
generate_target {instantiation_template} [get_files d:/School/cpu/proj_miniRV/proj_single_cycle/proj_single_cycle.srcs/sources_1/ip/dist_mem_gen_0/dist_mem_gen_0.xci]
INFO: [IP_Flow 19-1686] Generating 'Instantiation Template' target for IP 'dist_mem_gen_0'...
generate_target all [get_files  d:/School/cpu/proj_miniRV/proj_single_cycle/proj_single_cycle.srcs/sources_1/ip/dist_mem_gen_0/dist_mem_gen_0.xci]
INFO: [IP_Flow 19-1686] Generating 'Synthesis' target for IP 'dist_mem_gen_0'...
INFO: [IP_Flow 19-1686] Generating 'Simulation' target for IP 'dist_mem_gen_0'...
INFO: [IP_Flow 19-1686] Generating 'Change Log' target for IP 'dist_mem_gen_0'...
catch { config_ip_cache -export [get_ips -all dist_mem_gen_0] }
INFO: [IP_Flow 19-6924] IPCACHE: Running cache check for IP inst: dist_mem_gen_0
export_ip_user_files -of_objects [get_files d:/School/cpu/proj_miniRV/proj_single_cycle/proj_single_cycle.srcs/sources_1/ip/dist_mem_gen_0/dist_mem_gen_0.xci] -no_script -sync -force -quiet
create_ip_run [get_files -of_objects [get_fileset sources_1] d:/School/cpu/proj_miniRV/proj_single_cycle/proj_single_cycle.srcs/sources_1/ip/dist_mem_gen_0/dist_mem_gen_0.xci]
launch_runs dist_mem_gen_0_synth_1 -jobs 24
INFO: [IP_Flow 19-6924] IPCACHE: Running cache check for IP inst: dist_mem_gen_0
[Mon Jul  3 14:41:53 2023] Launched dist_mem_gen_0_synth_1...
Run output will be captured here: D:/School/cpu/proj_miniRV/proj_single_cycle/proj_single_cycle.runs/dist_mem_gen_0_synth_1/runme.log
export_simulation -of_objects [get_files d:/School/cpu/proj_miniRV/proj_single_cycle/proj_single_cycle.srcs/sources_1/ip/dist_mem_gen_0/dist_mem_gen_0.xci] -directory D:/School/cpu/proj_miniRV/proj_single_cycle/proj_single_cycle.ip_user_files/sim_scripts -ip_user_files_dir D:/School/cpu/proj_miniRV/proj_single_cycle/proj_single_cycle.ip_user_files -ipstatic_source_dir D:/School/cpu/proj_miniRV/proj_single_cycle/proj_single_cycle.ip_user_files/ipstatic -lib_map_path [list {modelsim=D:/School/cpu/proj_miniRV/proj_single_cycle/proj_single_cycle.cache/compile_simlib/modelsim} {questa=D:/School/cpu/proj_miniRV/proj_single_cycle/proj_single_cycle.cache/compile_simlib/questa} {riviera=D:/School/cpu/proj_miniRV/proj_single_cycle/proj_single_cycle.cache/compile_simlib/riviera} {activehdl=D:/School/cpu/proj_miniRV/proj_single_cycle/proj_single_cycle.cache/compile_simlib/activehdl}] -use_ip_compiled_libs -force -quiet
export_ip_user_files -of_objects  [get_files d:/School/cpu/proj_miniRV/proj_single_cycle/proj_single_cycle.srcs/sources_1/ip/dist_mem_gen_0/dist_mem_gen_0.xci] -no_script -reset -force -quiet
remove_files  -fileset dist_mem_gen_0 d:/School/cpu/proj_miniRV/proj_single_cycle/proj_single_cycle.srcs/sources_1/ip/dist_mem_gen_0/dist_mem_gen_0.xci
WARNING: [Vivado 12-1017] Problems encountered:
1. Failed to delete one or more files in run directory D:/School/cpu/proj_miniRV/proj_single_cycle/proj_single_cycle.runs/dist_mem_gen_0_synth_1

INFO: [Project 1-386] Moving file 'd:/School/cpu/proj_miniRV/proj_single_cycle/proj_single_cycle.srcs/sources_1/ip/dist_mem_gen_0/dist_mem_gen_0.xci' from fileset 'dist_mem_gen_0' to fileset 'sources_1'.
create_ip -name dist_mem_gen -vendor xilinx.com -library ip -version 8.0 -module_name DRAM
set_property -dict [list \
  CONFIG.Component_Name {DRAM} \
  CONFIG.data_width {32} \
  CONFIG.depth {16384} \
] [get_ips DRAM]
WARNING: [Vivado 12-3523] Attempt to change 'Component_Name' from 'DRAM' to 'DRAM' is not allowed and is ignored.
generate_target {instantiation_template} [get_files d:/School/cpu/proj_miniRV/proj_single_cycle/proj_single_cycle.srcs/sources_1/ip/DRAM/DRAM.xci]
INFO: [IP_Flow 19-1686] Generating 'Instantiation Template' target for IP 'DRAM'...
generate_target all [get_files  d:/School/cpu/proj_miniRV/proj_single_cycle/proj_single_cycle.srcs/sources_1/ip/DRAM/DRAM.xci]
INFO: [IP_Flow 19-1686] Generating 'Synthesis' target for IP 'DRAM'...
INFO: [IP_Flow 19-1686] Generating 'Simulation' target for IP 'DRAM'...
INFO: [IP_Flow 19-1686] Generating 'Change Log' target for IP 'DRAM'...
catch { config_ip_cache -export [get_ips -all DRAM] }
INFO: [IP_Flow 19-6924] IPCACHE: Running cache check for IP inst: DRAM
export_ip_user_files -of_objects [get_files d:/School/cpu/proj_miniRV/proj_single_cycle/proj_single_cycle.srcs/sources_1/ip/DRAM/DRAM.xci] -no_script -sync -force -quiet
create_ip_run [get_files -of_objects [get_fileset sources_1] d:/School/cpu/proj_miniRV/proj_single_cycle/proj_single_cycle.srcs/sources_1/ip/DRAM/DRAM.xci]
launch_runs DRAM_synth_1 -jobs 24
INFO: [IP_Flow 19-6924] IPCACHE: Running cache check for IP inst: DRAM
[Mon Jul  3 14:42:44 2023] Launched DRAM_synth_1...
Run output will be captured here: D:/School/cpu/proj_miniRV/proj_single_cycle/proj_single_cycle.runs/DRAM_synth_1/runme.log
export_simulation -of_objects [get_files d:/School/cpu/proj_miniRV/proj_single_cycle/proj_single_cycle.srcs/sources_1/ip/DRAM/DRAM.xci] -directory D:/School/cpu/proj_miniRV/proj_single_cycle/proj_single_cycle.ip_user_files/sim_scripts -ip_user_files_dir D:/School/cpu/proj_miniRV/proj_single_cycle/proj_single_cycle.ip_user_files -ipstatic_source_dir D:/School/cpu/proj_miniRV/proj_single_cycle/proj_single_cycle.ip_user_files/ipstatic -lib_map_path [list {modelsim=D:/School/cpu/proj_miniRV/proj_single_cycle/proj_single_cycle.cache/compile_simlib/modelsim} {questa=D:/School/cpu/proj_miniRV/proj_single_cycle/proj_single_cycle.cache/compile_simlib/questa} {riviera=D:/School/cpu/proj_miniRV/proj_single_cycle/proj_single_cycle.cache/compile_simlib/riviera} {activehdl=D:/School/cpu/proj_miniRV/proj_single_cycle/proj_single_cycle.cache/compile_simlib/activehdl}] -use_ip_compiled_libs -force -quiet
exit
INFO: [Common 17-206] Exiting Vivado at Mon Jul  3 17:53:33 2023...
