#-----------------------------------------------------------
# Vivado v2022.2 (64-bit)
# SW Build 3671981 on Fri Oct 14 05:00:03 MDT 2022
# IP Build 3669848 on Fri Oct 14 08:30:02 MDT 2022
# Start of session at: Mon Jul 10 17:15:20 2023
# Process ID: 22236
# Current directory: D:/School/cpu/proj_miniRV/proj_single_cycle
# Command line: vivado.exe -gui_launcher_event rodinguilauncherevent14104 D:\School\cpu\proj_miniRV\proj_single_cycle\proj_single_cycle.xpr
# Log file: D:/School/cpu/proj_miniRV/proj_single_cycle/vivado.log
# Journal file: D:/School/cpu/proj_miniRV/proj_single_cycle\vivado.jou
# Running On: HHR, OS: Windows, CPU Frequency: 3418 MHz, CPU Physical cores: 16, Host memory: 68476 MB
#-----------------------------------------------------------
start_gui
open_project D:/School/cpu/proj_miniRV/proj_single_cycle/proj_single_cycle.xpr
WARNING: [Board 49-26] cannot add Board Part xilinx.com:vek280_es:part0:1.0 available at C:/Xilinx/Vivado/2022.2/data/xhub/boards/XilinxBoardStore/boards/Xilinx/vek280/es/1.0/board.xml as part xcve2802-vsvh1760-2lp-e-s-es1 specified in board_part file is either invalid or not available
WARNING: [Board 49-26] cannot add Board Part xilinx.com:vhk158_es:part0:1.0 available at C:/Xilinx/Vivado/2022.2/data/xhub/boards/XilinxBoardStore/boards/Xilinx/vhk158/es/1.0/board.xml as part xcvh1582-vsva3697-2mp-e-s-es1 specified in board_part file is either invalid or not available
WARNING: [Board 49-26] cannot add Board Part xilinx.com:vpk120_es:part0:1.2 available at C:/Xilinx/Vivado/2022.2/data/xhub/boards/XilinxBoardStore/boards/Xilinx/vpk120/es/1.2/board.xml as part xcvp1202-vsva2785-2mp-e-s-es1 specified in board_part file is either invalid or not available
WARNING: [Board 49-26] cannot add Board Part xilinx.com:vpk120_es_revb:part0:1.0 available at C:/Xilinx/Vivado/2022.2/data/xhub/boards/XilinxBoardStore/boards/Xilinx/vpk120_revb/es/1.0/board.xml as part xcvp1202-vsva2785-2mp-e-s-es1 specified in board_part file is either invalid or not available
WARNING: [Board 49-26] cannot add Board Part xilinx.com:vpk180_es:part0:1.0 available at C:/Xilinx/Vivado/2022.2/data/xhub/boards/XilinxBoardStore/boards/Xilinx/vpk180/es/1.0/board.xml as part xcvp1802-lsvc4072-2mp-e-s-es1 specified in board_part file is either invalid or not available
WARNING: [Board 49-26] cannot add Board Part xilinx.com:zcu208ld:part0:2.0 available at C:/Xilinx/Vivado/2022.2/data/xhub/boards/XilinxBoardStore/boards/Xilinx/zcu208ld/production/2.0/board.xml as part xczu58dr-fsvg1517-2-i specified in board_part file is either invalid or not available
WARNING: [Board 49-26] cannot add Board Part xilinx.com:zcu216ld:part0:2.0 available at C:/Xilinx/Vivado/2022.2/data/xhub/boards/XilinxBoardStore/boards/Xilinx/zcu216ld/production/2.0/board.xml as part xczu59dr-ffvf1760-2-i specified in board_part file is either invalid or not available
WARNING: [Board 49-26] cannot add Board Part xilinx.com:zcu670:part0:2.0 available at C:/Xilinx/Vivado/2022.2/data/xhub/boards/XilinxBoardStore/boards/Xilinx/zcu670/2.0/board.xml as part xczu67dr-fsve1156-2-i specified in board_part file is either invalid or not available
WARNING: [Board 49-26] cannot add Board Part xilinx.com:zcu670ld:part0:1.0 available at C:/Xilinx/Vivado/2022.2/data/xhub/boards/XilinxBoardStore/boards/Xilinx/zcu670ld/1.0/board.xml as part xczu57dr-fsve1156-2-i specified in board_part file is either invalid or not available
Scanning sources...
Finished scanning sources
INFO: [IP_Flow 19-234] Refreshing IP repositories
INFO: [IP_Flow 19-1704] No user IP repositories specified
INFO: [IP_Flow 19-2313] Loaded Vivado IP repository 'C:/Xilinx/Vivado/2022.2/data/ip'.
update_compile_order -fileset sources_1
reset_run synth_1
launch_runs synth_1 -jobs 24
[Mon Jul 10 17:16:45 2023] Launched synth_1...
Run output will be captured here: D:/School/cpu/proj_miniRV/proj_single_cycle/proj_single_cycle.runs/synth_1/runme.log
launch_runs impl_1 -jobs 24
[Mon Jul 10 17:17:16 2023] Launched impl_1...
Run output will be captured here: D:/School/cpu/proj_miniRV/proj_single_cycle/proj_single_cycle.runs/impl_1/runme.log
reset_run synth_1
launch_runs synth_1 -jobs 24
[Mon Jul 10 17:18:55 2023] Launched synth_1...
Run output will be captured here: D:/School/cpu/proj_miniRV/proj_single_cycle/proj_single_cycle.runs/synth_1/runme.log
launch_runs impl_1 -jobs 24
[Mon Jul 10 17:19:38 2023] Launched impl_1...
Run output will be captured here: D:/School/cpu/proj_miniRV/proj_single_cycle/proj_single_cycle.runs/impl_1/runme.log
reset_run synth_1
launch_runs synth_1 -jobs 24
[Mon Jul 10 17:23:52 2023] Launched synth_1...
Run output will be captured here: D:/School/cpu/proj_miniRV/proj_single_cycle/proj_single_cycle.runs/synth_1/runme.log
reset_run synth_1
launch_runs impl_1 -jobs 24
[Mon Jul 10 17:24:41 2023] Launched synth_1...
Run output will be captured here: D:/School/cpu/proj_miniRV/proj_single_cycle/proj_single_cycle.runs/synth_1/runme.log
[Mon Jul 10 17:24:41 2023] Launched impl_1...
Run output will be captured here: D:/School/cpu/proj_miniRV/proj_single_cycle/proj_single_cycle.runs/impl_1/runme.log
reset_run synth_1
launch_runs synth_1 -jobs 24
[Mon Jul 10 17:32:08 2023] Launched synth_1...
Run output will be captured here: D:/School/cpu/proj_miniRV/proj_single_cycle/proj_single_cycle.runs/synth_1/runme.log
reset_run synth_1
WARNING: [Vivado 12-1017] Problems encountered:
1. Failed to delete one or more files in run directory D:/School/cpu/proj_miniRV/proj_single_cycle/proj_single_cycle.runs/synth_1

launch_runs synth_1 -jobs 24
[Mon Jul 10 17:32:24 2023] Launched synth_1...
Run output will be captured here: D:/School/cpu/proj_miniRV/proj_single_cycle/proj_single_cycle.runs/synth_1/runme.log
launch_runs impl_1 -jobs 24
[Mon Jul 10 17:33:15 2023] Launched impl_1...
Run output will be captured here: D:/School/cpu/proj_miniRV/proj_single_cycle/proj_single_cycle.runs/impl_1/runme.log
set_property top miniRV_SoC [current_fileset]
update_compile_order -fileset sources_1
set_property is_global_include true [get_files  D:/School/cpu/proj_miniRV/proj_single_cycle/proj_single_cycle.srcs/sources_1/new/defines.vh]
reset_run synth_1
launch_runs synth_1 -jobs 24 -scripts_only
reset_run synth_1
launch_runs synth_1 -jobs 24
[Mon Jul 10 17:35:47 2023] Launched synth_1...
Run output will be captured here: D:/School/cpu/proj_miniRV/proj_single_cycle/proj_single_cycle.runs/synth_1/runme.log
launch_runs impl_1 -jobs 24
[Mon Jul 10 17:36:29 2023] Launched impl_1...
Run output will be captured here: D:/School/cpu/proj_miniRV/proj_single_cycle/proj_single_cycle.runs/impl_1/runme.log
launch_runs impl_1 -to_step write_bitstream -jobs 24
[Mon Jul 10 17:38:33 2023] Launched impl_1...
Run output will be captured here: D:/School/cpu/proj_miniRV/proj_single_cycle/proj_single_cycle.runs/impl_1/runme.log
open_hw_manager
connect_hw_server -allow_non_jtag
INFO: [Labtools 27-2285] Connecting to hw_server url TCP:localhost:3121
INFO: [Labtools 27-2222] Launching hw_server...
INFO: [Common 17-41] Interrupt caught. Command should exit soon.
INFO: [Labtools 27-2221] Launch Output:

****** Xilinx hw_server v2022.2
  **** Build date : Oct 14 2022 at 05:18:10
    ** Copyright 1986-2022 Xilinx, Inc. All Rights Reserved.


INFO: [Labtools 27-2058] connect_hw_server command cancelled.
INFO: [Common 17-344] 'connect_hw_server' was cancelled
connect_hw_server -allow_non_jtag
INFO: [Labtools 27-2285] Connecting to hw_server url TCP:localhost:3121
ERROR: [Labtools 27-3461] Cannot support an older version of hw_server.
ERROR: [Common 17-39] 'connect_hw_server' failed due to earlier errors.
exit
INFO: [Common 17-206] Exiting Vivado at Mon Jul 10 18:21:40 2023...
